<?xml version="1.0" encoding="UTF-8"?>
<!-- Generated by org.testng.reporters.JUnitXMLReporter -->
<testsuite hostname="DESKTOP-9PGB7JV" ignored="0" name="Test" tests="1" failures="0" timestamp="2020-10-23T00:25:30 IST" time="0.058" errors="0">
  <testcase name="@BeforeMethod bm" time="-1.603392930479E9" classname="Org.qsp.testngdemo.ParallelBrowser">
    <failure type="org.testng.TestNGException" message="
Parameter &amp;apos;browser&amp;apos; is required by BeforeMethod on method bm but has not been marked @Optional or defined
in F:\Eclipse-WorkSpaceNew\Selenium\testng.xml">
      <![CDATA[org.testng.TestNGException: 
Parameter 'browser' is required by BeforeMethod on method bm but has not been marked @Optional or defined
in F:\Eclipse-WorkSpaceNew\Selenium\testng.xml
at java.util.ArrayList.forEach(Unknown Source)
... Removed 28 stack frames]]>
    </failure>
  </testcase> <!-- @BeforeMethod bm -->
  <testcase name="m" time="0.0" classname="Org.qsp.testngdemo.ParallelBrowser">
    <skipped/>
  </testcase> <!-- m -->
</testsuite> <!-- Test -->
